<?xml version="1.0" encoding="UTF-8"?>
<!-- Generated by org.testng.reporters.JUnitXMLReporter -->
<testsuite ignored="0" hostname="Sajib" failures="0" tests="6" name="Test" time="0.075" errors="0" timestamp="2020-09-11T18:22:26 BDT">
  <testcase classname="sdMavenPackge.MavenProject.RESTAPITest" name="deleteTwitter" time="0.01"/>
  <testcase classname="sdMavenPackge.MavenProject.RESTAPITest" name="podtJira" time="0.002"/>
  <testcase classname="sdMavenPackge.MavenProject.AppiumTest" name="IOSApps" time="0.002"/>
  <testcase classname="sdMavenPackge.MavenProject.AppiumTest" name="NativeAppAndroid" time="0.001"/>
  <testcase classname="sdMavenPackge.MavenProject.SeleniumTest" name="BrowserAutomation" time="0.002"/>
  <testcase classname="sdMavenPackge.MavenProject.SeleniumTest" name="ElementsUI" time="0.002"/>
</testsuite> <!-- Test -->
