<?xml version="1.0" encoding="UTF-8"?>
<!-- Generated by org.testng.reporters.JUnitXMLReporter -->
<testsuite ignored="0" hostname="Sajib" failures="0" tests="6" name="Command line test" time="0.049" errors="0" timestamp="2020-09-11T18:22:45 BDT">
  <testcase classname="sdMavenPackge.MavenProject.AppiumTest" name="IOSApps" time="0.005"/>
  <testcase classname="sdMavenPackge.MavenProject.AppiumTest" name="NativeAppAndroid" time="0.0"/>
  <testcase classname="sdMavenPackge.MavenProject.RESTAPITest" name="deleteTwitter" time="0.0"/>
  <testcase classname="sdMavenPackge.MavenProject.RESTAPITest" name="podtJira" time="0.0"/>
  <testcase classname="sdMavenPackge.MavenProject.SeleniumTest" name="BrowserAutomation" time="0.0"/>
  <testcase classname="sdMavenPackge.MavenProject.SeleniumTest" name="ElementsUI" time="0.001"/>
</testsuite> <!-- Command line test -->
