<?xml version="1.0" encoding="UTF-8" ?>
<testsuite tests="6" failures="0" name="TestSuite" time="0.008" errors="0" skipped="0">
  <properties>
[...]
</properties>
  <testcase classname="sdMavenPackge.MavenProject.AppiumTest" name="IOSApps" time="0.008"/>
  <testcase classname="sdMavenPackge.MavenProject.AppiumTest" name="NativeAppAndroid" time="0"/>
  <testcase classname="sdMavenPackge.MavenProject.RESTAPITest" name="deleteTwitter" time="0"/>
  <testcase classname="sdMavenPackge.MavenProject.RESTAPITest" name="podtJira" time="0"/>
  <testcase classname="sdMavenPackge.MavenProject.SeleniumTest" name="BrowserAutomation" time="0"/>
  <testcase classname="sdMavenPackge.MavenProject.SeleniumTest" name="ElementsUI" time="0"/>
</testsuite>